<?xml version="1.0" encoding="UTF-8"?>
<testsuite xmlns:xsi="http://www.w3.org/2001/XMLSchema-instance" xsi:noNamespaceSchemaLocation="https://maven.apache.org/surefire/maven-surefire-plugin/xsd/surefire-test-report.xsd" name="uk.ac.ed.inf.AppTest" time="0.073" tests="3" errors="0" skipped="0" failures="0">
  <properties>
[...]
</properties>
  <testcase name="testGetDeliveriesFormat" classname="uk.ac.ed.inf.AppTest" time="0.007"/>
  <testcase name="testGetPathForDay" classname="uk.ac.ed.inf.AppTest" time="0.025"/>
  <testcase name="testGetMovesList" classname="uk.ac.ed.inf.AppTest" time="0.001"/>
</testsuite>